# JRE version: OpenJDK Runtime Environment (8.0_152-b01) (build 1.8.0_152-release-1248-b01)
# Java VM: OpenJDK 64-Bit Server VM (25.152-b01 mixed mode windows-amd64 compressed oops)
Heap:
 PSYoungGen      total 129024K, used 71096K [0x00000000e0000000, 0x00000000ec700000, 0x0000000100000000)
  eden space 116736K, 60% used [0x00000000e0000000,0x00000000e456e0c0,0x00000000e7200000)
  from space 12288K, 0% used [0x00000000e7200000,0x00000000e7200000,0x00000000e7e00000)
  to   space 11776K, 0% used [0x00000000ebb80000,0x00000000ebb80000,0x00000000ec700000)
 ParOldGen       total 66560K, used 16125K [0x00000000a0000000, 0x00000000a4100000, 0x00000000e0000000)
  object space 66560K, 24% used [0x00000000a0000000,0x00000000a0fbf590,0x00000000a4100000)
 Metaspace       used 41734K, capacity 42488K, committed 42880K, reserved 1085440K
  class space    used 5626K, capacity 5926K, committed 6016K, reserved 1048576K
GC Heap History (10 events):
Event: 24.449 GC heap before
{Heap before GC invocations=7 (full 1):
 PSYoungGen      total 38400K, used 33280K [0x00000000e0000000, 0x00000000e5700000, 0x0000000100000000)
  eden space 33280K, 100% used [0x00000000e0000000,0x00000000e2080000,0x00000000e2080000)
  from space 5120K, 0% used [0x00000000e2080000,0x00000000e2080000,0x00000000e2580000)
  to   space 11264K, 0% used [0x00000000e4c00000,0x00000000e4c00000,0x00000000e5700000)
 ParOldGen       total 52736K, used 9720K [0x00000000a0000000, 0x00000000a3380000, 0x00000000e0000000)
  object space 52736K, 18% used [0x00000000a0000000,0x00000000a097e1c8,0x00000000a3380000)
 Metaspace       used 24760K, capacity 25228K, committed 25344K, reserved 1071104K
  class space    used 3400K, capacity 3577K, committed 3584K, reserved 1048576K
Event: 24.455 GC heap after
Heap after GC invocations=7 (full 1):
 PSYoungGen      total 69632K, used 4001K [0x00000000e0000000, 0x00000000e5300000, 0x0000000100000000)
  eden space 62464K, 0% used [0x00000000e0000000,0x00000000e0000000,0x00000000e3d00000)
  from space 7168K, 55% used [0x00000000e4c00000,0x00000000e4fe86d8,0x00000000e5300000)
  to   space 11264K, 0% used [0x00000000e3d00000,0x00000000e3d00000,0x00000000e4800000)
 ParOldGen       total 52736K, used 9728K [0x00000000a0000000, 0x00000000a3380000, 0x00000000e0000000)
  object space 52736K, 18% used [0x00000000a0000000,0x00000000a09801c8,0x00000000a3380000)
 Metaspace       used 24760K, capacity 25228K, committed 25344K, reserved 1071104K
  class space    used 3400K, capacity 3577K, committed 3584K, reserved 1048576K
}
Event: 25.204 GC heap before
{Heap before GC invocations=8 (full 1):
 PSYoungGen      total 69632K, used 66465K [0x00000000e0000000, 0x00000000e5300000, 0x0000000100000000)
  eden space 62464K, 100% used [0x00000000e0000000,0x00000000e3d00000,0x00000000e3d00000)
  from space 7168K, 55% used [0x00000000e4c00000,0x00000000e4fe86d8,0x00000000e5300000)
  to   space 11264K, 0% used [0x00000000e3d00000,0x00000000e3d00000,0x00000000e4800000)
 ParOldGen       total 52736K, used 9728K [0x00000000a0000000, 0x00000000a3380000, 0x00000000e0000000)
  object space 52736K, 18% used [0x00000000a0000000,0x00000000a09801c8,0x00000000a3380000)
 Metaspace       used 28959K, capacity 29468K, committed 29568K, reserved 1075200K
  class space    used 4015K, capacity 4199K, committed 4224K, reserved 1048576K
Event: 25.219 GC heap after
Heap after GC invocations=8 (full 1):
 PSYoungGen      total 73728K, used 7494K [0x00000000e0000000, 0x00000000e8980000, 0x0000000100000000)
  eden space 62464K, 0% used [0x00000000e0000000,0x00000000e0000000,0x00000000e3d00000)
  from space 11264K, 66% used [0x00000000e3d00000,0x00000000e44518d8,0x00000000e4800000)
  to   space 11264K, 0% used [0x00000000e7e80000,0x00000000e7e80000,0x00000000e8980000)
 ParOldGen       total 52736K, used 9736K [0x00000000a0000000, 0x00000000a3380000, 0x00000000e0000000)
  object space 52736K, 18% used [0x00000000a0000000,0x00000000a09821c8,0x00000000a3380000)
 Metaspace       used 28959K, capacity 29468K, committed 29568K, reserved 1075200K
  class space    used 4015K, capacity 4199K, committed 4224K, reserved 1048576K
}
Event: 37.842 GC heap before
{Heap before GC invocations=9 (full 1):
 PSYoungGen      total 73728K, used 69958K [0x00000000e0000000, 0x00000000e8980000, 0x0000000100000000)
  eden space 62464K, 100% used [0x00000000e0000000,0x00000000e3d00000,0x00000000e3d00000)
  from space 11264K, 66% used [0x00000000e3d00000,0x00000000e44518d8,0x00000000e4800000)
  to   space 11264K, 0% used [0x00000000e7e80000,0x00000000e7e80000,0x00000000e8980000)
 ParOldGen       total 52736K, used 9736K [0x00000000a0000000, 0x00000000a3380000, 0x00000000e0000000)
  object space 52736K, 18% used [0x00000000a0000000,0x00000000a09821c8,0x00000000a3380000)
 Metaspace       used 32242K, capacity 32940K, committed 33280K, reserved 1077248K
  class space    used 4498K, capacity 4737K, committed 4864K, reserved 1048576K
Event: 37.853 GC heap after
Heap after GC invocations=9 (full 1):
 PSYoungGen      total 128000K, used 10750K [0x00000000e0000000, 0x00000000e8a00000, 0x0000000100000000)
  eden space 116736K, 0% used [0x00000000e0000000,0x00000000e0000000,0x00000000e7200000)
  from space 11264K, 95% used [0x00000000e7e80000,0x00000000e88ffba0,0x00000000e8980000)
  to   space 12288K, 0% used [0x00000000e7200000,0x00000000e7200000,0x00000000e7e00000)
 ParOldGen       total 52736K, used 9744K [0x00000000a0000000, 0x00000000a3380000, 0x00000000e0000000)
  object space 52736K, 18% used [0x00000000a0000000,0x00000000a09841c8,0x00000000a3380000)
 Metaspace       used 32242K, capacity 32940K, committed 33280K, reserved 1077248K
  class space    used 4498K, capacity 4737K, committed 4864K, reserved 1048576K
}
Event: 38.272 GC heap before
{Heap before GC invocations=10 (full 1):
 PSYoungGen      total 128000K, used 19344K [0x00000000e0000000, 0x00000000e8a00000, 0x0000000100000000)
  eden space 116736K, 7% used [0x00000000e0000000,0x00000000e08647b8,0x00000000e7200000)
  from space 11264K, 95% used [0x00000000e7e80000,0x00000000e88ffba0,0x00000000e8980000)
  to   space 12288K, 0% used [0x00000000e7200000,0x00000000e7200000,0x00000000e7e00000)
 ParOldGen       total 52736K, used 9744K [0x00000000a0000000, 0x00000000a3380000, 0x00000000e0000000)
  object space 52736K, 18% used [0x00000000a0000000,0x00000000a09841c8,0x00000000a3380000)
 Metaspace       used 34637K, capacity 35262K, committed 35416K, reserved 1079296K
  class space    used 4821K, capacity 5065K, committed 5120K, reserved 1048576K
Event: 38.285 GC heap after
Heap after GC invocations=10 (full 1):
 PSYoungGen      total 129024K, used 7203K [0x00000000e0000000, 0x00000000ec700000, 0x0000000100000000)
  eden space 116736K, 0% used [0x00000000e0000000,0x00000000e0000000,0x00000000e7200000)
  from space 12288K, 58% used [0x00000000e7200000,0x00000000e7908cf8,0x00000000e7e00000)
  to   space 11776K, 0% used [0x00000000ebb80000,0x00000000ebb80000,0x00000000ec700000)
 ParOldGen       total 52736K, used 11600K [0x00000000a0000000, 0x00000000a3380000, 0x00000000e0000000)
  object space 52736K, 21% used [0x00000000a0000000,0x00000000a0b54218,0x00000000a3380000)
 Metaspace       used 34637K, capacity 35262K, committed 35416K, reserved 1079296K
  class space    used 4821K, capacity 5065K, committed 5120K, reserved 1048576K
}
Event: 38.285 GC heap before
{Heap before GC invocations=11 (full 2):
 PSYoungGen      total 129024K, used 7203K [0x00000000e0000000, 0x00000000ec700000, 0x0000000100000000)
  eden space 116736K, 0% used [0x00000000e0000000,0x00000000e0000000,0x00000000e7200000)
  from space 12288K, 58% used [0x00000000e7200000,0x00000000e7908cf8,0x00000000e7e00000)
  to   space 11776K, 0% used [0x00000000ebb80000,0x00000000ebb80000,0x00000000ec700000)
 ParOldGen       total 52736K, used 11600K [0x00000000a0000000, 0x00000000a3380000, 0x00000000e0000000)
  object space 52736K, 21% used [0x00000000a0000000,0x00000000a0b54218,0x00000000a3380000)
 Metaspace       used 34637K, capacity 35262K, committed 35416K, reserved 1079296K
  class space    used 4821K, capacity 5065K, committed 5120K, reserved 1048576K
Event: 38.361 GC heap after
Heap after GC invocations=11 (full 2):
 PSYoungGen      total 129024K, used 0K [0x00000000e0000000, 0x00000000ec700000, 0x0000000100000000)
  eden space 116736K, 0% used [0x00000000e0000000,0x00000000e0000000,0x00000000e7200000)
  from space 12288K, 0% used [0x00000000e7200000,0x00000000e7200000,0x00000000e7e00000)
  to   space 11776K, 0% used [0x00000000ebb80000,0x00000000ebb80000,0x00000000ec700000)
 ParOldGen       total 66560K, used 16125K [0x00000000a0000000, 0x00000000a4100000, 0x00000000e0000000)
  object space 66560K, 24% used [0x00000000a0000000,0x00000000a0fbf590,0x00000000a4100000)
 Metaspace       used 34637K, capacity 35262K, committed 35416K, reserved 1079296K
  class space    used 4821K, capacity 5065K, committed 5120K, reserved 1048576K
}

